<?xml version="1.0" encoding="UTF-8"?>
<testng-results ignored="0" total="1" passed="1" failed="0" skipped="0">
  <reporter-output>
  </reporter-output>
  <suite started-at="2022-06-17T17:18:55 IST" name="Suite" finished-at="2022-06-17T17:20:46 IST" duration-ms="111736">
    <groups>
    </groups>
    <test started-at="2022-06-17T17:18:55 IST" name="Testlogin" finished-at="2022-06-17T17:20:46 IST" duration-ms="111736">
      <class name="testActitime1.Launchbrowser">
        <test-method is-config="true" signature="setup()[pri:0, instance:testActitime1.Launchbrowser@7bedc48a]" started-at="2022-06-17T17:18:55 IST" name="setup" finished-at="2022-06-17T17:20:14 IST" duration-ms="79179" status="PASS">
          <reporter-output>
          </reporter-output>
        </test-method> <!-- setup -->
        <test-method signature="login()[pri:0, instance:testActitime1.Launchbrowser@7bedc48a]" started-at="2022-06-17T17:20:14 IST" name="login" finished-at="2022-06-17T17:20:45 IST" duration-ms="31405" status="PASS">
          <reporter-output>
          </reporter-output>
        </test-method> <!-- login -->
        <test-method is-config="true" signature="teardown()[pri:0, instance:testActitime1.Launchbrowser@7bedc48a]" started-at="2022-06-17T17:20:45 IST" name="teardown" finished-at="2022-06-17T17:20:46 IST" duration-ms="1012" status="PASS">
          <reporter-output>
          </reporter-output>
        </test-method> <!-- teardown -->
      </class> <!-- testActitime1.Launchbrowser -->
    </test> <!-- Testlogin -->
  </suite> <!-- Suite -->
</testng-results>
