<?xml version="1.0" encoding="UTF-8"?>
<testng-results ignored="0" total="1" passed="1" failed="0" skipped="0">
  <reporter-output>
  </reporter-output>
  <suite started-at="2022-06-16T14:22:27 IST" name="Suite" finished-at="2022-06-16T14:23:21 IST" duration-ms="53648">
    <groups>
    </groups>
    <test started-at="2022-06-16T14:22:27 IST" name="Testlogin" finished-at="2022-06-16T14:23:21 IST" duration-ms="53648">
      <class name="testActitime1.Launchbrowser">
        <test-method is-config="true" signature="setup()[pri:0, instance:testActitime1.Launchbrowser@383bfa16]" started-at="2022-06-16T14:22:27 IST" name="setup" finished-at="2022-06-16T14:23:04 IST" duration-ms="36631" status="PASS">
          <reporter-output>
          </reporter-output>
        </test-method> <!-- setup -->
        <test-method signature="login()[pri:0, instance:testActitime1.Launchbrowser@383bfa16]" started-at="2022-06-16T14:23:04 IST" name="login" finished-at="2022-06-16T14:23:18 IST" duration-ms="13815" status="PASS">
          <reporter-output>
          </reporter-output>
        </test-method> <!-- login -->
        <test-method is-config="true" signature="teardown()[pri:0, instance:testActitime1.Launchbrowser@383bfa16]" started-at="2022-06-16T14:23:18 IST" name="teardown" finished-at="2022-06-16T14:23:21 IST" duration-ms="3111" status="PASS">
          <reporter-output>
          </reporter-output>
        </test-method> <!-- teardown -->
      </class> <!-- testActitime1.Launchbrowser -->
    </test> <!-- Testlogin -->
  </suite> <!-- Suite -->
</testng-results>
